生成启动时间为 2019/10/8 21:13:52。
     1>项目“D:\数据结构与算法分析\作业\链表\单向链表\单向链表\单向链表.vcxproj”在节点 2 上(build 个目标)。
     1>InitializeBuildStatus:
         正在创建“Debug\单向链表.unsuccessfulbuild”，因为已指定“AlwaysCreate”。
       ClCompile:
         C:\Program Files (x86)\Microsoft Visual Studio 10.0\VC\bin\CL.exe /c /ZI /nologo /W3 /WX- /Od /Oy- /D WIN32 /D _DEBUG /D _CONSOLE /D _UNICODE /D UNICODE /Gm /EHsc /RTC1 /MDd /GS /fp:precise /Zc:wchar_t /Zc:forScope /Fo"Debug\\" /Fd"Debug\vc100.pdb" /Gd /TP /analyze- /errorReport:prompt List.cpp
         List.cpp
     1>d:\数据结构与算法分析\作业\链表\单向链表\单向链表\list.cpp(212): warning C4715: “List::Find_Node_index”: 不是所有的控件路径都返回值
       ManifestResourceCompile:
         所有输出均为最新。
       Link:
         C:\Program Files (x86)\Microsoft Visual Studio 10.0\VC\bin\link.exe /ERRORREPORT:PROMPT /OUT:"D:\数据结构与算法分析\作业\链表\单向链表\Debug\单向链表.exe" /INCREMENTAL /NOLOGO kernel32.lib user32.lib gdi32.lib winspool.lib comdlg32.lib advapi32.lib shell32.lib ole32.lib oleaut32.lib uuid.lib odbc32.lib odbccp32.lib /MANIFEST /ManifestFile:"Debug\单向链表.exe.intermediate.manifest" /MANIFESTUAC:"level='asInvoker' uiAccess='false'" /DEBUG /PDB:"D:\数据结构与算法分析\作业\链表\单向链表\Debug\单向链表.pdb" /SUBSYSTEM:CONSOLE /TLBID:1 /DYNAMICBASE /NXCOMPAT /IMPLIB:"D:\数据结构与算法分析\作业\链表\单向链表\Debug\单向链表.lib" /MACHINE:X86 "Debug\单向链表.exe.embed.manifest.res"
         Debug\List.obj
         Debug\main.obj
       Manifest:
         c:\Program Files (x86)\Microsoft SDKs\Windows\v7.0A\bin\mt.exe /nologo /verbose /out:"Debug\单向链表.exe.embed.manifest" /manifest "Debug\单向链表.exe.intermediate.manifest"
         所有输出均为最新。
       LinkEmbedManifest:
         所有输出均为最新。
         单向链表.vcxproj -> D:\数据结构与算法分析\作业\链表\单向链表\Debug\单向链表.exe
       FinalizeBuildStatus:
         正在删除文件“Debug\单向链表.unsuccessfulbuild”。
         正在对“Debug\单向链表.lastbuildstate”执行 Touch 任务。
     1>已完成生成项目“D:\数据结构与算法分析\作业\链表\单向链表\单向链表\单向链表.vcxproj”(build 个目标)的操作。

生成成功。

已用时间 00:00:02.17
