生成启动时间为 2019/10/15 19:13:31。
     1>项目“D:\数据结构与算法分析\作业\队列\队列\队列\队列.vcxproj”在节点 2 上(build 个目标)。
     1>InitializeBuildStatus:
         正在创建“Debug\队列.unsuccessfulbuild”，因为已指定“AlwaysCreate”。
       ClCompile:
         C:\Program Files (x86)\Microsoft Visual Studio 10.0\VC\bin\CL.exe /c /ZI /nologo /W3 /WX- /Od /Oy- /D WIN32 /D _DEBUG /D _CONSOLE /D _UNICODE /D UNICODE /Gm /EHsc /RTC1 /MDd /GS /fp:precise /Zc:wchar_t /Zc:forScope /Fo"Debug\\" /Fd"Debug\vc100.pdb" /Gd /TP /analyze- /errorReport:prompt main.cpp queue.cpp queue_list.cpp
         queue_list.cpp
     1>d:\数据结构与算法分析\作业\队列\队列\队列\queue_list.cpp(47): warning C4553: “==”: 运算符不起任何作用；是否是有意使用“=”的?
         main.cpp
         正在生成代码...
         正在编译...
         queue.cpp
     1>d:\数据结构与算法分析\作业\队列\队列\队列\queue.cpp(105): warning C4101: “j”: 未引用的局部变量
         正在生成代码...
       ManifestResourceCompile:
         所有输出均为最新。
       Link:
         C:\Program Files (x86)\Microsoft Visual Studio 10.0\VC\bin\link.exe /ERRORREPORT:PROMPT /OUT:"D:\数据结构与算法分析\作业\队列\队列\Debug\队列.exe" /INCREMENTAL /NOLOGO kernel32.lib user32.lib gdi32.lib winspool.lib comdlg32.lib advapi32.lib shell32.lib ole32.lib oleaut32.lib uuid.lib odbc32.lib odbccp32.lib /MANIFEST /ManifestFile:"Debug\队列.exe.intermediate.manifest" /MANIFESTUAC:"level='asInvoker' uiAccess='false'" /DEBUG /PDB:"D:\数据结构与算法分析\作业\队列\队列\Debug\队列.pdb" /SUBSYSTEM:CONSOLE /TLBID:1 /DYNAMICBASE /NXCOMPAT /IMPLIB:"D:\数据结构与算法分析\作业\队列\队列\Debug\队列.lib" /MACHINE:X86 "Debug\队列.exe.embed.manifest.res"
         Debug\main.obj
         Debug\queue.obj
         Debug\queue_list.obj
       Manifest:
         c:\Program Files (x86)\Microsoft SDKs\Windows\v7.0A\bin\mt.exe /nologo /verbose /out:"Debug\队列.exe.embed.manifest" /manifest "Debug\队列.exe.intermediate.manifest"
         所有输出均为最新。
       LinkEmbedManifest:
         所有输出均为最新。
         队列.vcxproj -> D:\数据结构与算法分析\作业\队列\队列\Debug\队列.exe
       FinalizeBuildStatus:
         正在删除文件“Debug\队列.unsuccessfulbuild”。
         正在对“Debug\队列.lastbuildstate”执行 Touch 任务。
     1>已完成生成项目“D:\数据结构与算法分析\作业\队列\队列\队列\队列.vcxproj”(build 个目标)的操作。

生成成功。

已用时间 00:00:02.84
