生成启动时间为 2019/11/16 17:43:09。
     1>项目“D:\数据结构与算法分析\作业\排序\sort(cpp)\sort\sort.vcxproj”在节点 2 上(build 个目标)。
     1>InitializeBuildStatus:
         正在创建“Release\sort.unsuccessfulbuild”，因为已指定“AlwaysCreate”。
       ClCompile:
         所有输出均为最新。
       Link:
         所有输出均为最新。
         C:\Program Files (x86)\Microsoft Visual Studio 10.0\VC\bin\link.exe /ERRORREPORT:PROMPT /OUT:"D:\数据结构与算法分析\作业\排序\sort(cpp)\Release\sort.exe" /INCREMENTAL:NO /NOLOGO kernel32.lib user32.lib gdi32.lib winspool.lib comdlg32.lib advapi32.lib shell32.lib ole32.lib oleaut32.lib uuid.lib odbc32.lib odbccp32.lib /MANIFEST /ManifestFile:"Release\sort.exe.intermediate.manifest" /MANIFESTUAC:"level='asInvoker' uiAccess='false'" /DEBUG /PDB:"D:\数据结构与算法分析\作业\排序\sort(cpp)\Release\sort.pdb" /SUBSYSTEM:CONSOLE /STACK:"160000000" /OPT:REF /OPT:ICF /LTCG /TLBID:1 /DYNAMICBASE /NXCOMPAT /IMPLIB:"D:\数据结构与算法分析\作业\排序\sort(cpp)\Release\sort.lib" /MACHINE:X86 Release\List.obj
         Release\main.obj
         Release\operate_file.obj
         Release\Sort.obj
         正在生成代码
         已完成代码的生成
         sort.vcxproj -> D:\数据结构与算法分析\作业\排序\sort(cpp)\Release\sort.exe
       Manifest:
         c:\Program Files (x86)\Microsoft SDKs\Windows\v7.0A\bin\mt.exe /nologo /verbose /outputresource:"D:\数据结构与算法分析\作业\排序\sort(cpp)\Release\sort.exe;#1" /manifest Release\sort.exe.intermediate.manifest
       FinalizeBuildStatus:
         正在删除文件“Release\sort.unsuccessfulbuild”。
         正在对“Release\sort.lastbuildstate”执行 Touch 任务。
     1>已完成生成项目“D:\数据结构与算法分析\作业\排序\sort(cpp)\sort\sort.vcxproj”(build 个目标)的操作。

生成成功。

已用时间 00:00:01.51
